[08-Aug-2018 08:47:22 UTC] PHP Warning:  Use of undefined constant Mamax - assumed 'Mamax' (this will throw an Error in a future version of PHP) in C:\work_folder\php_debut\index.php on line 17
[08-Aug-2018 08:47:22 UTC] PHP Warning:  Use of undefined constant Urvoy - assumed 'Urvoy' (this will throw an Error in a future version of PHP) in C:\work_folder\php_debut\index.php on line 18
[08-Aug-2018 08:47:22 UTC] PHP Warning:  Unknown: Invalid date.timezone value 'Paris', we selected the timezone 'UTC' for now. in Unknown on line 0
[08-Aug-2018 08:47:22 UTC] PHP Warning:  Use of undefined constant Mamax - assumed 'Mamax' (this will throw an Error in a future version of PHP) in C:\work_folder\php_debut\index.php on line 17
[08-Aug-2018 08:47:22 UTC] PHP Warning:  Use of undefined constant Urvoy - assumed 'Urvoy' (this will throw an Error in a future version of PHP) in C:\work_folder\php_debut\index.php on line 18
[08-Aug-2018 08:47:22 UTC] PHP Warning:  Unknown: Invalid date.timezone value 'Paris', we selected the timezone 'UTC' for now. in Unknown on line 0
[08-Aug-2018 08:47:27 UTC] PHP Warning:  Use of undefined constant Mamax - assumed 'Mamax' (this will throw an Error in a future version of PHP) in C:\work_folder\php_debut\index.php on line 17
[08-Aug-2018 08:47:27 UTC] PHP Warning:  Use of undefined constant Urvoy - assumed 'Urvoy' (this will throw an Error in a future version of PHP) in C:\work_folder\php_debut\index.php on line 18
[08-Aug-2018 08:47:27 UTC] PHP Warning:  Unknown: Invalid date.timezone value 'Paris', we selected the timezone 'UTC' for now. in Unknown on line 0
[08-Aug-2018 08:47:29 UTC] PHP Warning:  Use of undefined constant Mamax - assumed 'Mamax' (this will throw an Error in a future version of PHP) in C:\work_folder\php_debut\index.php on line 17
[08-Aug-2018 08:47:29 UTC] PHP Warning:  Use of undefined constant Urvoy - assumed 'Urvoy' (this will throw an Error in a future version of PHP) in C:\work_folder\php_debut\index.php on line 18
[08-Aug-2018 08:47:29 UTC] PHP Warning:  Unknown: Invalid date.timezone value 'Paris', we selected the timezone 'UTC' for now. in Unknown on line 0
[08-Aug-2018 08:47:31 UTC] PHP Warning:  Use of undefined constant Mamax - assumed 'Mamax' (this will throw an Error in a future version of PHP) in C:\work_folder\php_debut\index.php on line 17
[08-Aug-2018 08:47:31 UTC] PHP Warning:  Use of undefined constant Urvoy - assumed 'Urvoy' (this will throw an Error in a future version of PHP) in C:\work_folder\php_debut\index.php on line 18
[08-Aug-2018 08:47:31 UTC] PHP Warning:  Unknown: Invalid date.timezone value 'Paris', we selected the timezone 'UTC' for now. in Unknown on line 0
[08-Aug-2018 08:48:01 UTC] PHP Warning:  Use of undefined constant Mamax - assumed 'Mamax' (this will throw an Error in a future version of PHP) in C:\work_folder\php_debut\index.php on line 17
[08-Aug-2018 08:48:01 UTC] PHP Warning:  Use of undefined constant Urvoy - assumed 'Urvoy' (this will throw an Error in a future version of PHP) in C:\work_folder\php_debut\index.php on line 18
[08-Aug-2018 08:48:01 UTC] PHP Warning:  Unknown: Invalid date.timezone value 'Paris', we selected the timezone 'UTC' for now. in Unknown on line 0
[08-Aug-2018 08:48:08 UTC] PHP Warning:  Unknown: Invalid date.timezone value 'Paris', we selected the timezone 'UTC' for now. in Unknown on line 0
[08-Aug-2018 08:48:09 UTC] PHP Warning:  Unknown: Invalid date.timezone value 'Paris', we selected the timezone 'UTC' for now. in Unknown on line 0
[08-Aug-2018 08:48:09 UTC] PHP Warning:  Unknown: Invalid date.timezone value 'Paris', we selected the timezone 'UTC' for now. in Unknown on line 0
[08-Aug-2018 08:48:09 UTC] PHP Warning:  Unknown: Invalid date.timezone value 'Paris', we selected the timezone 'UTC' for now. in Unknown on line 0
[08-Aug-2018 08:48:09 UTC] PHP Warning:  Unknown: Invalid date.timezone value 'Paris', we selected the timezone 'UTC' for now. in Unknown on line 0
[08-Aug-2018 08:48:09 UTC] PHP Warning:  Unknown: Invalid date.timezone value 'Paris', we selected the timezone 'UTC' for now. in Unknown on line 0
[08-Aug-2018 08:48:10 UTC] PHP Warning:  Unknown: Invalid date.timezone value 'Paris', we selected the timezone 'UTC' for now. in Unknown on line 0
[08-Aug-2018 08:48:10 UTC] PHP Warning:  Unknown: Invalid date.timezone value 'Paris', we selected the timezone 'UTC' for now. in Unknown on line 0
[08-Aug-2018 08:48:10 UTC] PHP Warning:  Unknown: Invalid date.timezone value 'Paris', we selected the timezone 'UTC' for now. in Unknown on line 0
[08-Aug-2018 08:48:10 UTC] PHP Warning:  Unknown: Invalid date.timezone value 'Paris', we selected the timezone 'UTC' for now. in Unknown on line 0
[08-Aug-2018 08:48:11 UTC] PHP Warning:  Unknown: Invalid date.timezone value 'Paris', we selected the timezone 'UTC' for now. in Unknown on line 0
[08-Aug-2018 08:48:16 UTC] PHP Warning:  Unknown: Invalid date.timezone value 'Paris', we selected the timezone 'UTC' for now. in Unknown on line 0
[08-Aug-2018 08:48:38 UTC] PHP Warning:  Unknown: Invalid date.timezone value 'Paris', we selected the timezone 'UTC' for now. in Unknown on line 0
[08-Aug-2018 08:48:38 UTC] PHP Warning:  Unknown: Invalid date.timezone value 'Paris', we selected the timezone 'UTC' for now. in Unknown on line 0
[08-Aug-2018 08:48:38 UTC] PHP Warning:  Unknown: Invalid date.timezone value 'Paris', we selected the timezone 'UTC' for now. in Unknown on line 0
[08-Aug-2018 08:48:39 UTC] PHP Warning:  Unknown: Invalid date.timezone value 'Paris', we selected the timezone 'UTC' for now. in Unknown on line 0
[08-Aug-2018 08:48:39 UTC] PHP Warning:  Unknown: Invalid date.timezone value 'Paris', we selected the timezone 'UTC' for now. in Unknown on line 0
[08-Aug-2018 08:48:39 UTC] PHP Warning:  Unknown: Invalid date.timezone value 'Paris', we selected the timezone 'UTC' for now. in Unknown on line 0
[08-Aug-2018 08:48:39 UTC] PHP Warning:  Unknown: Invalid date.timezone value 'Paris', we selected the timezone 'UTC' for now. in Unknown on line 0
[08-Aug-2018 08:48:39 UTC] PHP Warning:  Unknown: Invalid date.timezone value 'Paris', we selected the timezone 'UTC' for now. in Unknown on line 0
[08-Aug-2018 08:48:51 UTC] PHP Warning:  phpinfo(): Invalid date.timezone value 'Paris', we selected the timezone 'UTC' for now. in C:\work_folder\php_debut\index.php on line 20
[08-Aug-2018 08:48:51 UTC] PHP Warning:  phpinfo(): Invalid date.timezone value 'Paris', we selected the timezone 'UTC' for now. in C:\work_folder\php_debut\index.php on line 20
[08-Aug-2018 08:48:58 UTC] PHP Warning:  Unknown: Invalid date.timezone value 'Paris', we selected the timezone 'UTC' for now. in Unknown on line 0
[08-Aug-2018 08:48:58 UTC] PHP Warning:  Unknown: Invalid date.timezone value 'Paris', we selected the timezone 'UTC' for now. in Unknown on line 0
[08-Aug-2018 08:49:03 UTC] PHP Warning:  Unknown: Invalid date.timezone value 'Paris', we selected the timezone 'UTC' for now. in Unknown on line 0
[08-Aug-2018 08:49:22 UTC] PHP Warning:  phpinfo(): Invalid date.timezone value 'Paris', we selected the timezone 'UTC' for now. in C:\work_folder\php_debut\index.php on line 20
[08-Aug-2018 08:49:22 UTC] PHP Warning:  phpinfo(): Invalid date.timezone value 'Paris', we selected the timezone 'UTC' for now. in C:\work_folder\php_debut\index.php on line 20
[08-Aug-2018 08:49:26 UTC] PHP Warning:  Unknown: Invalid date.timezone value 'Paris', we selected the timezone 'UTC' for now. in Unknown on line 0
[08-Aug-2018 08:49:26 UTC] PHP Warning:  Unknown: Invalid date.timezone value 'Paris', we selected the timezone 'UTC' for now. in Unknown on line 0
[08-Aug-2018 08:49:31 UTC] PHP Warning:  Unknown: Invalid date.timezone value 'Paris', we selected the timezone 'UTC' for now. in Unknown on line 0
[08-Aug-2018 09:00:06 UTC] PHP Warning:  Use of undefined constant APP_ENV_PHP - assumed 'APP_ENV_PHP' (this will throw an Error in a future version of PHP) in C:\work_folder\php_debut\index.php on line 28
[08-Aug-2018 09:04:01 UTC] PHP Fatal error:  Uncaught Error: Call to undefined function isnull() in C:\work_folder\php_debut\index.php:30
Stack trace:
#0 {main}
  thrown in C:\work_folder\php_debut\index.php on line 30
[08-Aug-2018 09:04:50 UTC] PHP Fatal error:  Uncaught Error: Call to undefined function isnull() in C:\work_folder\php_debut\index.php:30
Stack trace:
#0 {main}
  thrown in C:\work_folder\php_debut\index.php on line 30
[08-Aug-2018 09:04:51 UTC] PHP Fatal error:  Uncaught Error: Call to undefined function isnull() in C:\work_folder\php_debut\index.php:30
Stack trace:
#0 {main}
  thrown in C:\work_folder\php_debut\index.php on line 30
[08-Aug-2018 09:04:52 UTC] PHP Fatal error:  Uncaught Error: Call to undefined function isnull() in C:\work_folder\php_debut\index.php:30
Stack trace:
#0 {main}
  thrown in C:\work_folder\php_debut\index.php on line 30
[08-Aug-2018 09:04:52 UTC] PHP Fatal error:  Uncaught Error: Call to undefined function isnull() in C:\work_folder\php_debut\index.php:30
Stack trace:
#0 {main}
  thrown in C:\work_folder\php_debut\index.php on line 30
[08-Aug-2018 09:04:52 UTC] PHP Fatal error:  Uncaught Error: Call to undefined function isnull() in C:\work_folder\php_debut\index.php:30
Stack trace:
#0 {main}
  thrown in C:\work_folder\php_debut\index.php on line 30
[08-Aug-2018 09:04:52 UTC] PHP Fatal error:  Uncaught Error: Call to undefined function isnull() in C:\work_folder\php_debut\index.php:30
Stack trace:
#0 {main}
  thrown in C:\work_folder\php_debut\index.php on line 30
[08-Aug-2018 09:04:52 UTC] PHP Fatal error:  Uncaught Error: Call to undefined function isnull() in C:\work_folder\php_debut\index.php:30
Stack trace:
#0 {main}
  thrown in C:\work_folder\php_debut\index.php on line 30
[08-Aug-2018 09:04:52 UTC] PHP Fatal error:  Uncaught Error: Call to undefined function isnull() in C:\work_folder\php_debut\index.php:30
Stack trace:
#0 {main}
  thrown in C:\work_folder\php_debut\index.php on line 30
[08-Aug-2018 09:04:53 UTC] PHP Fatal error:  Uncaught Error: Call to undefined function isnull() in C:\work_folder\php_debut\index.php:30
Stack trace:
#0 {main}
  thrown in C:\work_folder\php_debut\index.php on line 30
[08-Aug-2018 09:04:53 UTC] PHP Fatal error:  Uncaught Error: Call to undefined function isnull() in C:\work_folder\php_debut\index.php:30
Stack trace:
#0 {main}
  thrown in C:\work_folder\php_debut\index.php on line 30
[08-Aug-2018 09:04:56 UTC] PHP Fatal error:  Uncaught Error: Call to undefined function isnull() in C:\work_folder\php_debut\index.php:30
Stack trace:
#0 {main}
  thrown in C:\work_folder\php_debut\index.php on line 30
[08-Aug-2018 09:05:27 UTC] PHP Fatal error:  Uncaught Error: Call to undefined function isnull() in C:\work_folder\php_debut\index.php:30
Stack trace:
#0 {main}
  thrown in C:\work_folder\php_debut\index.php on line 30
[08-Aug-2018 09:30:03 UTC] PHP Parse error:  syntax error, unexpected '<', expecting end of file in C:\work_folder\php_debut\index.php on line 31
[08-Aug-2018 09:30:40 UTC] PHP Parse error:  syntax error, unexpected 'var_dump' (T_STRING), expecting ',' or ';' in C:\work_folder\php_debut\index.php on line 32
[08-Aug-2018 09:30:59 UTC] PHP Parse error:  syntax error, unexpected 'var_dump' (T_STRING), expecting ',' or ';' in C:\work_folder\php_debut\index.php on line 32
[08-Aug-2018 09:31:02 UTC] PHP Parse error:  syntax error, unexpected 'var_dump' (T_STRING), expecting ',' or ';' in C:\work_folder\php_debut\index.php on line 32
[08-Aug-2018 09:31:51 UTC] PHP Notice:  Undefined variable: var in C:\work_folder\php_debut\index.php on line 34
[08-Aug-2018 09:32:55 UTC] PHP Notice:  Undefined variable: var in C:\work_folder\php_debut\index.php on line 34
[08-Aug-2018 09:32:59 UTC] PHP Notice:  Undefined variable: var in C:\work_folder\php_debut\index.php on line 34
[08-Aug-2018 09:33:00 UTC] PHP Notice:  Undefined variable: var in C:\work_folder\php_debut\index.php on line 34
[08-Aug-2018 09:33:00 UTC] PHP Notice:  Undefined variable: var in C:\work_folder\php_debut\index.php on line 34
[08-Aug-2018 09:33:00 UTC] PHP Notice:  Undefined variable: var in C:\work_folder\php_debut\index.php on line 34
[08-Aug-2018 09:33:00 UTC] PHP Notice:  Undefined variable: var in C:\work_folder\php_debut\index.php on line 34
[08-Aug-2018 09:33:01 UTC] PHP Notice:  Undefined variable: var in C:\work_folder\php_debut\index.php on line 34
[08-Aug-2018 09:33:01 UTC] PHP Notice:  Undefined variable: var in C:\work_folder\php_debut\index.php on line 34
[08-Aug-2018 09:33:01 UTC] PHP Notice:  Undefined variable: var in C:\work_folder\php_debut\index.php on line 34
[08-Aug-2018 09:33:01 UTC] PHP Notice:  Undefined variable: var in C:\work_folder\php_debut\index.php on line 34
[08-Aug-2018 09:33:01 UTC] PHP Notice:  Undefined variable: var in C:\work_folder\php_debut\index.php on line 34
[08-Aug-2018 09:33:02 UTC] PHP Notice:  Undefined variable: var in C:\work_folder\php_debut\index.php on line 34
[08-Aug-2018 09:33:14 UTC] PHP Notice:  Undefined variable: var in C:\work_folder\php_debut\index.php on line 34
[08-Aug-2018 09:36:25 UTC] PHP Notice:  Undefined variable: var in C:\work_folder\php_debut\index.php on line 34
[08-Aug-2018 09:36:42 UTC] PHP Notice:  Undefined variable: var in C:\work_folder\php_debut\index.php on line 34
[08-Aug-2018 09:36:59 UTC] PHP Notice:  Undefined variable: var in C:\work_folder\php_debut\index.php on line 34
[08-Aug-2018 09:37:10 UTC] PHP Notice:  Undefined variable: var in C:\work_folder\php_debut\index.php on line 34
[08-Aug-2018 09:37:21 UTC] PHP Notice:  Undefined variable: var in C:\work_folder\php_debut\index.php on line 34
[08-Aug-2018 09:38:06 UTC] PHP Notice:  Undefined variable: var in C:\work_folder\php_debut\index.php on line 34
[08-Aug-2018 09:39:06 UTC] PHP Notice:  Undefined variable: var in C:\work_folder\php_debut\index.php on line 34
[08-Aug-2018 09:42:44 UTC] PHP Notice:  Undefined variable: var in C:\work_folder\php_debut\index.php on line 34
[08-Aug-2018 09:42:45 UTC] PHP Notice:  Undefined variable: var in C:\work_folder\php_debut\index.php on line 34
[08-Aug-2018 09:42:45 UTC] PHP Notice:  Undefined variable: var in C:\work_folder\php_debut\index.php on line 34
[08-Aug-2018 09:42:45 UTC] PHP Notice:  Undefined variable: var in C:\work_folder\php_debut\index.php on line 34
[08-Aug-2018 09:42:46 UTC] PHP Notice:  Undefined variable: var in C:\work_folder\php_debut\index.php on line 34
[08-Aug-2018 09:42:46 UTC] PHP Notice:  Undefined variable: var in C:\work_folder\php_debut\index.php on line 34
[08-Aug-2018 09:42:46 UTC] PHP Notice:  Undefined variable: var in C:\work_folder\php_debut\index.php on line 34
[08-Aug-2018 09:42:46 UTC] PHP Notice:  Undefined variable: var in C:\work_folder\php_debut\index.php on line 34
[08-Aug-2018 09:42:46 UTC] PHP Notice:  Undefined variable: var in C:\work_folder\php_debut\index.php on line 34
[08-Aug-2018 09:42:47 UTC] PHP Notice:  Undefined variable: var in C:\work_folder\php_debut\index.php on line 34
[08-Aug-2018 09:42:47 UTC] PHP Notice:  Undefined variable: var in C:\work_folder\php_debut\index.php on line 34
[08-Aug-2018 09:42:54 UTC] PHP Notice:  Undefined variable: var in C:\work_folder\php_debut\index.php on line 34
[08-Aug-2018 09:44:43 UTC] PHP Notice:  Undefined variable: var in C:\work_folder\php_debut\index.php on line 34
[08-Aug-2018 09:44:54 UTC] PHP Notice:  Undefined variable: var in C:\work_folder\php_debut\index.php on line 34
[08-Aug-2018 09:46:29 UTC] PHP Notice:  Undefined variable: vevefvsq in C:\work_folder\php_debut\index.php on line 56
[08-Aug-2018 09:48:05 UTC] PHP Notice:  Undefined variable: vevefvsq in C:\work_folder\php_debut\index.php on line 56
[08-Aug-2018 10:06:58 UTC] PHP Notice:  Array to string conversion in C:\work_folder\php_debut\index.php on line 100
[08-Aug-2018 10:07:15 UTC] PHP Parse error:  syntax error, unexpected '<' in C:\work_folder\php_debut\index.php on line 100
[08-Aug-2018 10:07:39 UTC] PHP Parse error:  syntax error, unexpected '<' in C:\work_folder\php_debut\index.php on line 100
[08-Aug-2018 10:08:01 UTC] PHP Notice:  Array to string conversion in C:\work_folder\php_debut\index.php on line 101
[08-Aug-2018 10:10:58 UTC] PHP Notice:  Undefined variable: Nantes in C:\work_folder\php_debut\index.php on line 100
[08-Aug-2018 10:18:43 UTC] PHP Notice:  Undefined variable: mer in C:\work_folder\php_debut\index.php on line 97
[08-Aug-2018 10:18:43 UTC] PHP Notice:  Undefined variable: cul in C:\work_folder\php_debut\index.php on line 98
[08-Aug-2018 10:18:43 UTC] PHP Notice:  Undefined variable:  in C:\work_folder\php_debut\index.php on line 105
[08-Aug-2018 10:18:43 UTC] PHP Notice:  Undefined variable:  in C:\work_folder\php_debut\index.php on line 107
[08-Aug-2018 10:18:49 UTC] PHP Notice:  Undefined variable: près de l'océan in C:\work_folder\php_debut\index.php on line 105
[08-Aug-2018 10:18:49 UTC] PHP Notice:  Undefined variable: dans ton cul in C:\work_folder\php_debut\index.php on line 107
[08-Aug-2018 10:19:04 UTC] PHP Notice:  Undefined variable: mer in C:\work_folder\php_debut\index.php on line 98
[08-Aug-2018 10:19:04 UTC] PHP Notice:  Undefined variable: cul in C:\work_folder\php_debut\index.php on line 99
[08-Aug-2018 10:19:04 UTC] PHP Notice:  Undefined variable:  in C:\work_folder\php_debut\index.php on line 105
[08-Aug-2018 10:19:04 UTC] PHP Notice:  Undefined variable:  in C:\work_folder\php_debut\index.php on line 107
[08-Aug-2018 10:20:22 UTC] PHP Notice:  Undefined variable: près de l'océan in C:\work_folder\php_debut\index.php on line 105
[08-Aug-2018 10:20:22 UTC] PHP Notice:  Undefined variable: dans ton cul in C:\work_folder\php_debut\index.php on line 107
[08-Aug-2018 10:20:52 UTC] PHP Notice:  Undefined variable: près de l'océan in C:\work_folder\php_debut\index.php on line 105
[08-Aug-2018 10:20:52 UTC] PHP Notice:  Undefined variable: dans ton cul in C:\work_folder\php_debut\index.php on line 107
[08-Aug-2018 10:20:53 UTC] PHP Notice:  Undefined variable: près de l'océan in C:\work_folder\php_debut\index.php on line 105
[08-Aug-2018 10:20:53 UTC] PHP Notice:  Undefined variable: dans ton cul in C:\work_folder\php_debut\index.php on line 107
[08-Aug-2018 10:22:03 UTC] PHP Notice:  Undefined variable: dans ton cul in C:\work_folder\php_debut\index.php on line 107
[08-Aug-2018 10:24:57 UTC] PHP Warning:  Use of undefined constant mer - assumed 'mer' (this will throw an Error in a future version of PHP) in C:\work_folder\php_debut\index.php on line 100
[08-Aug-2018 10:24:57 UTC] PHP Warning:  Use of undefined constant cul - assumed 'cul' (this will throw an Error in a future version of PHP) in C:\work_folder\php_debut\index.php on line 101
[08-Aug-2018 12:04:03 UTC] PHP Notice:  Undefined variable: var in C:\work_folder\php_debut\index.php on line 117
[08-Aug-2018 12:04:03 UTC] PHP Notice:  Undefined variable: var in C:\work_folder\php_debut\index.php on line 119
[08-Aug-2018 12:04:15 UTC] PHP Notice:  Undefined variable: var in C:\work_folder\php_debut\index.php on line 117
[08-Aug-2018 12:04:15 UTC] PHP Notice:  Undefined variable: var in C:\work_folder\php_debut\index.php on line 119
[08-Aug-2018 12:05:46 UTC] PHP Notice:  Undefined variable: var in C:\work_folder\php_debut\index.php on line 125
[08-Aug-2018 12:05:46 UTC] PHP Notice:  Undefined variable: var in C:\work_folder\php_debut\index.php on line 127
[08-Aug-2018 12:05:50 UTC] PHP Notice:  Undefined variable: var in C:\work_folder\php_debut\index.php on line 125
[08-Aug-2018 12:05:50 UTC] PHP Notice:  Undefined variable: var in C:\work_folder\php_debut\index.php on line 127
[08-Aug-2018 12:06:02 UTC] PHP Notice:  Undefined variable: var in C:\work_folder\php_debut\index.php on line 125
[08-Aug-2018 12:06:02 UTC] PHP Notice:  Undefined variable: var in C:\work_folder\php_debut\index.php on line 127
[08-Aug-2018 12:06:06 UTC] PHP Notice:  Undefined variable: var in C:\work_folder\php_debut\index.php on line 125
[08-Aug-2018 12:06:06 UTC] PHP Notice:  Undefined variable: var in C:\work_folder\php_debut\index.php on line 127
[08-Aug-2018 12:06:26 UTC] PHP Notice:  Undefined variable: var in C:\work_folder\php_debut\index.php on line 126
[08-Aug-2018 12:06:26 UTC] PHP Notice:  Undefined variable: var in C:\work_folder\php_debut\index.php on line 128
[08-Aug-2018 12:06:31 UTC] PHP Notice:  Undefined variable: var in C:\work_folder\php_debut\index.php on line 127
[08-Aug-2018 12:06:31 UTC] PHP Notice:  Undefined variable: var in C:\work_folder\php_debut\index.php on line 129
[08-Aug-2018 12:06:35 UTC] PHP Notice:  Undefined variable: var in C:\work_folder\php_debut\index.php on line 129
[08-Aug-2018 12:06:35 UTC] PHP Notice:  Undefined variable: var in C:\work_folder\php_debut\index.php on line 131
[08-Aug-2018 12:06:40 UTC] PHP Notice:  Undefined variable: var in C:\work_folder\php_debut\index.php on line 130
[08-Aug-2018 12:06:40 UTC] PHP Notice:  Undefined variable: var in C:\work_folder\php_debut\index.php on line 132
[08-Aug-2018 12:06:44 UTC] PHP Notice:  Undefined variable: var in C:\work_folder\php_debut\index.php on line 132
[08-Aug-2018 12:06:44 UTC] PHP Notice:  Undefined variable: var in C:\work_folder\php_debut\index.php on line 134
[08-Aug-2018 12:06:50 UTC] PHP Notice:  Undefined variable: var in C:\work_folder\php_debut\index.php on line 132
[08-Aug-2018 12:06:50 UTC] PHP Notice:  Undefined variable: var in C:\work_folder\php_debut\index.php on line 134
[08-Aug-2018 12:06:51 UTC] PHP Notice:  Undefined variable: var in C:\work_folder\php_debut\index.php on line 132
[08-Aug-2018 12:06:51 UTC] PHP Notice:  Undefined variable: var in C:\work_folder\php_debut\index.php on line 134
[08-Aug-2018 12:07:06 UTC] PHP Notice:  Undefined variable: var in C:\work_folder\php_debut\index.php on line 130
[08-Aug-2018 12:07:06 UTC] PHP Notice:  Undefined variable: var in C:\work_folder\php_debut\index.php on line 132
[08-Aug-2018 12:07:11 UTC] PHP Notice:  Undefined variable: var in C:\work_folder\php_debut\index.php on line 130
[08-Aug-2018 12:07:11 UTC] PHP Notice:  Undefined variable: var in C:\work_folder\php_debut\index.php on line 132
[08-Aug-2018 12:14:44 UTC] PHP Notice:  Undefined index: logement in C:\work_folder\php_debut\index.php on line 34
[08-Aug-2018 12:15:47 UTC] PHP Notice:  Undefined index: logement in C:\work_folder\php_debut\index.php on line 35
[08-Aug-2018 12:52:45 UTC] PHP Notice:  Array to string conversion in C:\work_folder\php_debut\index.php on line 62
[08-Aug-2018 12:52:54 UTC] PHP Notice:  Array to string conversion in C:\work_folder\php_debut\index.php on line 62
[08-Aug-2018 12:52:54 UTC] PHP Notice:  Undefined variable: Array in C:\work_folder\php_debut\index.php on line 62
[08-Aug-2018 12:58:32 UTC] PHP Notice:  Array to string conversion in C:\work_folder\php_debut\index.php on line 62
[08-Aug-2018 12:58:50 UTC] PHP Parse error:  syntax error, unexpected ')' in C:\work_folder\php_debut\index.php on line 54
[08-Aug-2018 12:58:58 UTC] PHP Notice:  Array to string conversion in C:\work_folder\php_debut\index.php on line 56
[08-Aug-2018 12:58:58 UTC] PHP Notice:  Array to string conversion in C:\work_folder\php_debut\index.php on line 56
[08-Aug-2018 12:58:58 UTC] PHP Notice:  Array to string conversion in C:\work_folder\php_debut\index.php on line 56
[08-Aug-2018 12:58:58 UTC] PHP Notice:  Array to string conversion in C:\work_folder\php_debut\index.php on line 62
[08-Aug-2018 12:59:05 UTC] PHP Notice:  Array to string conversion in C:\work_folder\php_debut\index.php on line 56
[08-Aug-2018 12:59:05 UTC] PHP Notice:  Array to string conversion in C:\work_folder\php_debut\index.php on line 56
[08-Aug-2018 12:59:05 UTC] PHP Notice:  Array to string conversion in C:\work_folder\php_debut\index.php on line 56
[08-Aug-2018 12:59:05 UTC] PHP Notice:  Array to string conversion in C:\work_folder\php_debut\index.php on line 62
[08-Aug-2018 12:59:38 UTC] PHP Notice:  Undefined index: nom_ville in C:\work_folder\php_debut\index.php on line 53
[08-Aug-2018 12:59:38 UTC] PHP Notice:  Array to string conversion in C:\work_folder\php_debut\index.php on line 62
[08-Aug-2018 12:59:48 UTC] PHP Notice:  Array to string conversion in C:\work_folder\php_debut\index.php on line 62
[08-Aug-2018 13:07:51 UTC] PHP Notice:  Undefined variable: nom_ville in C:\work_folder\php_debut\index.php on line 52
[08-Aug-2018 13:07:51 UTC] PHP Notice:  Undefined variable: villes in C:\work_folder\php_debut\index.php on line 61
[08-Aug-2018 13:08:19 UTC] PHP Notice:  Undefined variable: villes in C:\work_folder\php_debut\index.php on line 62
[08-Aug-2018 13:08:21 UTC] PHP Notice:  Undefined variable: villes in C:\work_folder\php_debut\index.php on line 62
[08-Aug-2018 13:09:44 UTC] PHP Notice:  Undefined variable: nom_ville in C:\work_folder\php_debut\index.php on line 52
[08-Aug-2018 13:09:44 UTC] PHP Notice:  Undefined variable: villes in C:\work_folder\php_debut\index.php on line 61
[08-Aug-2018 13:09:49 UTC] PHP Notice:  Undefined variable: nom_ville in C:\work_folder\php_debut\index.php on line 52
[08-Aug-2018 13:09:49 UTC] PHP Notice:  Undefined variable: villes in C:\work_folder\php_debut\index.php on line 61
[08-Aug-2018 13:09:59 UTC] PHP Notice:  Undefined variable: nom_ville in C:\work_folder\php_debut\index.php on line 52
[08-Aug-2018 13:09:59 UTC] PHP Notice:  Undefined variable: villes in C:\work_folder\php_debut\index.php on line 61
[08-Aug-2018 13:10:21 UTC] PHP Notice:  Undefined variable: nom_ville in C:\work_folder\php_debut\index.php on line 52
[08-Aug-2018 13:10:21 UTC] PHP Notice:  Undefined variable: villes in C:\work_folder\php_debut\index.php on line 61
[08-Aug-2018 13:15:22 UTC] PHP Notice:  Undefined variable: villes in C:\work_folder\php_debut\index.php on line 75
[08-Aug-2018 13:15:24 UTC] PHP Notice:  Undefined variable: villes in C:\work_folder\php_debut\index.php on line 75
[08-Aug-2018 13:15:50 UTC] PHP Notice:  Undefined variable: villes in C:\work_folder\php_debut\index.php on line 75
[08-Aug-2018 13:15:52 UTC] PHP Notice:  Undefined variable: villes in C:\work_folder\php_debut\index.php on line 75
[08-Aug-2018 13:15:59 UTC] PHP Notice:  Undefined variable: villes in C:\work_folder\php_debut\index.php on line 75
[08-Aug-2018 13:16:14 UTC] PHP Notice:  Undefined variable: villes in C:\work_folder\php_debut\index.php on line 75
[08-Aug-2018 13:16:17 UTC] PHP Notice:  Undefined variable: villes in C:\work_folder\php_debut\index.php on line 75
[08-Aug-2018 13:16:41 UTC] PHP Notice:  Undefined variable: villes in C:\work_folder\php_debut\index.php on line 75
[08-Aug-2018 13:16:55 UTC] PHP Notice:  Undefined variable: villes in C:\work_folder\php_debut\index.php on line 75
[08-Aug-2018 13:17:11 UTC] PHP Notice:  Undefined variable: villes in C:\work_folder\php_debut\index.php on line 75
[08-Aug-2018 13:17:48 UTC] PHP Notice:  Undefined variable: villes in C:\work_folder\php_debut\index.php on line 75
[08-Aug-2018 13:17:50 UTC] PHP Notice:  Undefined variable: villes in C:\work_folder\php_debut\index.php on line 75
[08-Aug-2018 13:18:20 UTC] PHP Notice:  Undefined variable: villes in C:\work_folder\php_debut\index.php on line 75
[08-Aug-2018 13:18:22 UTC] PHP Notice:  Undefined variable: villes in C:\work_folder\php_debut\index.php on line 75
[08-Aug-2018 13:18:24 UTC] PHP Notice:  Undefined variable: villes in C:\work_folder\php_debut\index.php on line 75
[08-Aug-2018 13:22:49 UTC] PHP Notice:  Undefined variable: villes in C:\work_folder\php_debut\index.php on line 79
[08-Aug-2018 13:28:32 UTC] PHP Notice:  Undefined variable: nantes in C:\work_folder\php_debut\index.php on line 64
[08-Aug-2018 13:29:18 UTC] PHP Notice:  Undefined index: input in C:\work_folder\php_debut\index.php on line 64
[08-Aug-2018 13:29:21 UTC] PHP Notice:  Undefined index: input in C:\work_folder\php_debut\index.php on line 64
[08-Aug-2018 13:31:13 UTC] PHP Notice:  Undefined variable: nantes in C:\work_folder\php_debut\index.php on line 66
[08-Aug-2018 13:31:13 UTC] PHP Notice:  Undefined variable: nantes in C:\work_folder\php_debut\index.php on line 66
[08-Aug-2018 13:31:16 UTC] PHP Notice:  Undefined variable: nantes in C:\work_folder\php_debut\index.php on line 66
[08-Aug-2018 13:31:16 UTC] PHP Notice:  Undefined variable: nantes in C:\work_folder\php_debut\index.php on line 66
